2
TIME: 0.012718915939331055
ENERGY: -0.03077640640441511
ITERATIONS: 60
4
TIME: 0.06750869750976562
ENERGY: -0.08336233527977017
ITERATIONS: 60
6
TIME: 0.3037848472595215
ENERGY: -0.14467296116524334
ITERATIONS: 60
8
TIME: 0.9981653690338135
ENERGY: -0.21167537998143746
ITERATIONS: 60
10
TIME: 2.5933990478515625
ENERGY: -0.2830637500339056
ITERATIONS: 60
12
TIME: 5.854346752166748
ENERGY: -0.3581341493195555
ITERATIONS: 60
14
TIME: 11.749987602233887
ENERGY: -0.4364624547910978
ITERATIONS: 60
16
TIME: 22.14506983757019
ENERGY: -0.5177784091245751
ITERATIONS: 60
18
TIME: 38.556182861328125
ENERGY: -0.6019067561103546
ITERATIONS: 60
20
TIME: 63.89024066925049
ENERGY: -0.6887363897765727
ITERATIONS: 60
22
TIME: 103.2300124168396
ENERGY: -0.7782029287943117
ITERATIONS: 60
24
TIME: 160.57190418243408
ENERGY: -0.870278431132864
ITERATIONS: 60
26
TIME: 241.26383352279663
ENERGY: -0.9649652517365678
ITERATIONS: 60
28
TIME: 352.3630063533783
ENERGY: -1.0622925079521397
ITERATIONS: 60
30
TIME: 507.71646070480347
ENERGY: -1.1623143320289282
ITERATIONS: 60
32
TIME: 728.5418901443481
ENERGY: -1.2651094708494586
ITERATIONS: 60
34
TIME: 1045.0491812229156
ENERGY: -1.370782015780571
ITERATIONS: 60
36
TIME: 1432.1060619354248
ENERGY: -1.4794631919712062
ITERATIONS: 60
38
TIME: 1933.389793395996
ENERGY: -1.5913142487409877
ITERATIONS: 60
40
TIME: 2545.054400205612
ENERGY: -1.7065305959977886
ITERATIONS: 60
JobId=30685082 JobName=julia
   UserId=mcclur97(1004513) GroupId=nscl(2002) MCS_label=N/A
   Priority=60802 Nice=0 Account=general QOS=normal
   JobState=RUNNING Reason=None Dependency=(null)
   Requeue=1 Restarts=0 BatchFlag=1 Reboot=0 ExitCode=0:0
   RunTime=02:33:48 TimeLimit=4-23:59:00 TimeMin=N/A
   SubmitTime=2021-07-22T11:34:41 EligibleTime=2021-07-22T11:34:41
   AccrueTime=2021-07-22T11:34:41
   StartTime=2021-07-22T11:34:43 EndTime=2021-07-27T11:33:43 Deadline=N/A
   SuspendTime=None SecsPreSuspend=0 LastSchedEval=2021-07-22T11:34:43
   Partition=general-long AllocNode:Sid=dev-intel16.i:5686
   ReqNodeList=(null) ExcNodeList=(null)
   NodeList=lac-364
   BatchHost=lac-364
   NumNodes=1 NumCPUs=1 NumTasks=1 CPUs/Task=1 ReqB:S:C:T=0:0:*:*
   TRES=cpu=1,mem=20G,node=1,billing=3112
   Socks/Node=* NtasksPerN:B:S:C=0:0:*:* CoreSpec=*
   MinCPUsNode=1 MinMemoryCPU=20G MinTmpDiskNode=0
   Features=[intel14|intel16|intel18|amr|nvf] DelayBoot=00:00:00
   OverSubscribe=OK Contiguous=0 Licenses=(null) Network=(null)
   Command=/mnt/ufs18/home-104/mcclur97/CCD_PairingModel/Jobpy.sh
   WorkDir=/mnt/ufs18/home-104/mcclur97/CCD_PairingModel
   Comment=stdout=/mnt/ufs18/home-104/mcclur97/CCD_PairingModel/slurm-30685082.out 
   StdErr=/mnt/ufs18/home-104/mcclur97/CCD_PairingModel/slurm-30685082.out
   StdIn=/dev/null
   StdOut=/mnt/ufs18/home-104/mcclur97/CCD_PairingModel/slurm-30685082.out
   Power=
   NtasksPerTRES:0

