2
TIME: 0.08519864082336426
ENERGY: -0.08336233527977017
ITERATIONS: 60
4
TIME: 0.08526992797851562
ENERGY: -0.08336233527977017
ITERATIONS: 60
6
TIME: 0.08466529846191406
ENERGY: -0.08336233527977017
ITERATIONS: 60
8
TIME: 0.08489441871643066
ENERGY: -0.08336233527977017
ITERATIONS: 60
10
TIME: 0.08464336395263672
ENERGY: -0.08336233527977017
ITERATIONS: 60
12
TIME: 0.08489656448364258
ENERGY: -0.08336233527977017
ITERATIONS: 60
14
TIME: 0.08550906181335449
ENERGY: -0.08336233527977017
ITERATIONS: 60
16
TIME: 0.08490610122680664
ENERGY: -0.08336233527977017
ITERATIONS: 60
18
TIME: 0.08515596389770508
ENERGY: -0.08336233527977017
ITERATIONS: 60
20
TIME: 0.08507943153381348
ENERGY: -0.08336233527977017
ITERATIONS: 60
22
TIME: 0.08518314361572266
ENERGY: -0.08336233527977017
ITERATIONS: 60
24
TIME: 0.08486557006835938
ENERGY: -0.08336233527977017
ITERATIONS: 60
26
TIME: 0.08502364158630371
ENERGY: -0.08336233527977017
ITERATIONS: 60
28
TIME: 0.08505034446716309
ENERGY: -0.08336233527977017
ITERATIONS: 60
30
TIME: 0.08604001998901367
ENERGY: -0.08336233527977017
ITERATIONS: 60
32
TIME: 0.08466339111328125
ENERGY: -0.08336233527977017
ITERATIONS: 60
34
TIME: 0.08531355857849121
ENERGY: -0.08336233527977017
ITERATIONS: 60
36
TIME: 0.08505535125732422
ENERGY: -0.08336233527977017
ITERATIONS: 60
38
TIME: 0.08501243591308594
ENERGY: -0.08336233527977017
ITERATIONS: 60
40
TIME: 0.0847468376159668
ENERGY: -0.08336233527977017
ITERATIONS: 60
JobId=30525276 JobName=julia
   UserId=mcclur97(1004513) GroupId=nscl(2002) MCS_label=N/A
   Priority=41455 Nice=0 Account=general QOS=normal
   JobState=RUNNING Reason=None Dependency=(null)
   Requeue=1 Restarts=0 BatchFlag=1 Reboot=0 ExitCode=0:0
   RunTime=00:00:13 TimeLimit=4-23:59:00 TimeMin=N/A
   SubmitTime=2021-07-19T13:57:38 EligibleTime=2021-07-19T13:57:38
   AccrueTime=2021-07-19T13:57:38
   StartTime=2021-07-19T13:58:35 EndTime=2021-07-24T13:57:35 Deadline=N/A
   SuspendTime=None SecsPreSuspend=0 LastSchedEval=2021-07-19T13:58:35
   Partition=general-long AllocNode:Sid=dev-intel16.i:9217
   ReqNodeList=(null) ExcNodeList=(null)
   NodeList=csp-025
   BatchHost=csp-025
   NumNodes=1 NumCPUs=1 NumTasks=1 CPUs/Task=1 ReqB:S:C:T=0:0:*:*
   TRES=cpu=1,mem=20G,node=1,billing=3112
   Socks/Node=* NtasksPerN:B:S:C=0:0:*:* CoreSpec=*
   MinCPUsNode=1 MinMemoryCPU=20G MinTmpDiskNode=0
   Features=[intel14|intel16|intel18|amr|nvf] DelayBoot=00:00:00
   OverSubscribe=OK Contiguous=0 Licenses=(null) Network=(null)
   Command=/mnt/ufs18/home-104/mcclur97/CCD_PairingModel/Jobpy.sh
   WorkDir=/mnt/ufs18/home-104/mcclur97/CCD_PairingModel
   Comment=stdout=/mnt/ufs18/home-104/mcclur97/CCD_PairingModel/slurm-30525276.out 
   StdErr=/mnt/ufs18/home-104/mcclur97/CCD_PairingModel/slurm-30525276.out
   StdIn=/dev/null
   StdOut=/mnt/ufs18/home-104/mcclur97/CCD_PairingModel/slurm-30525276.out
   Power=
   NtasksPerTRES:0

